<?xml version="1.0" encoding="UTF-8" ?>
<testsuite tests="115" failures="0" name="com.walmart.service.TicketServiceWalmartImplSpec" time="11.257" errors="0" skipped="0">
  <properties>
    <property name="java.runtime.name" value="Java(TM) SE Runtime Environment"/>
    <property name="sun.boot.library.path" value="C:\Program Files\Java\jdk1.8.0_91\jre\bin"/>
    <property name="java.vm.version" value="25.91-b14"/>
    <property name="java.vm.vendor" value="Oracle Corporation"/>
    <property name="java.vendor.url" value="http://java.oracle.com/"/>
    <property name="path.separator" value=";"/>
    <property name="java.vm.name" value="Java HotSpot(TM) 64-Bit Server VM"/>
    <property name="file.encoding.pkg" value="sun.io"/>
    <property name="user.script" value=""/>
    <property name="user.country" value="US"/>
    <property name="sun.java.launcher" value="SUN_STANDARD"/>
    <property name="sun.os.patch.level" value=""/>
    <property name="java.vm.specification.name" value="Java Virtual Machine Specification"/>
    <property name="user.dir" value="C:\Projects\walmart\ticket-service"/>
    <property name="java.runtime.version" value="1.8.0_91-b14"/>
    <property name="java.awt.graphicsenv" value="sun.awt.Win32GraphicsEnvironment"/>
    <property name="basedir" value="C:\Projects\walmart\ticket-service"/>
    <property name="java.endorsed.dirs" value="C:\Program Files\Java\jdk1.8.0_91\jre\lib\endorsed"/>
    <property name="os.arch" value="amd64"/>
    <property name="surefire.real.class.path" value="C:\Users\atp1nxa\AppData\Local\Temp\surefirebooter563916287516707978.jar"/>
    <property name="java.io.tmpdir" value="C:\Users\atp1nxa\AppData\Local\Temp\"/>
    <property name="line.separator" value="
"/>
    <property name="java.vm.specification.vendor" value="Oracle Corporation"/>
    <property name="user.variant" value=""/>
    <property name="os.name" value="Windows 10"/>
    <property name="sun.jnu.encoding" value="Cp1252"/>
    <property name="java.library.path" value="C:\Program Files\Java\jdk1.8.0_91\jre\bin;C:\WINDOWS\Sun\Java\bin;C:\WINDOWS\system32;C:\WINDOWS;C:/Program Files/Java/jre1.8.0_91/bin/server;C:/Program Files/Java/jre1.8.0_91/bin;C:/Program Files/Java/jre1.8.0_91/lib/amd64;C:\ProgramData\Oracle\Java\javapath;C:\WINDOWS\system32;C:\WINDOWS;C:\WINDOWS\System32\Wbem;C:\WINDOWS\System32\WindowsPowerShell\v1.0\;C:\Windows\CCM;C:\PROGRA~2\IBM\SQLLIB\BIN;C:\PROGRA~2\IBM\SQLLIB\FUNCTION;C:\PROGRA~2\IBM\SQLLIB\SAMPLES\REPL;C:\Program Files\Git\cmd;C:\os_workshop\client;C:\HashiCorp\Vagrant\bin;C:\Program Files\nodejs\;C:\Program Files\TortoiseHg\;C:\Program Files (x86)\Yarn\bin;c:\openshitf\DevelopmentSuite\cygwin\bin;C:\install\occlient;c:\openshitf\DevelopmentSuite\cdk\bin;C:\HashiCorp\Vagrant\bin;C:\os_workshop\client\os.exe;C:\Program Files\Docker Toolbox;C:\maven\apache-maven-3.3.9\bin;C:\Users\atp1nxa\AppData\Roaming\npm;C:\Users\atp1nxa\AppData\Local\Yarn\bin;C:\eclipse;;."/>
    <property name="surefire.test.class.path" value="C:\Projects\walmart\ticket-service\target\test-classes;C:\Projects\walmart\ticket-service\target\classes;C:\Users\atp1nxa\.m2\repository\org\spockframework\spock-core\0.7-groovy-2.0\spock-core-0.7-groovy-2.0.jar;C:\Users\atp1nxa\.m2\repository\junit\junit-dep\4.10\junit-dep-4.10.jar;C:\Users\atp1nxa\.m2\repository\org\codehaus\groovy\groovy-all\2.0.5\groovy-all-2.0.5.jar;C:\Users\atp1nxa\.m2\repository\cglib\cglib-nodep\3.1\cglib-nodep-3.1.jar;C:\Users\atp1nxa\.m2\repository\org\objenesis\objenesis\2.1\objenesis-2.1.jar;C:\Users\atp1nxa\.m2\repository\org\hamcrest\hamcrest-core\1.3\hamcrest-core-1.3.jar;C:\Users\atp1nxa\.m2\repository\org\codehaus\groovy\groovy-backports-compat23\2.3.5\groovy-backports-compat23-2.3.5.jar;"/>
    <property name="java.specification.name" value="Java Platform API Specification"/>
    <property name="java.class.version" value="52.0"/>
    <property name="sun.management.compiler" value="HotSpot 64-Bit Tiered Compilers"/>
    <property name="os.version" value="10.0"/>
    <property name="user.home" value="C:\Users\atp1nxa"/>
    <property name="user.timezone" value="America/New_York"/>
    <property name="java.awt.printerjob" value="sun.awt.windows.WPrinterJob"/>
    <property name="java.specification.version" value="1.8"/>
    <property name="file.encoding" value="Cp1252"/>
    <property name="user.name" value="atp1nxa"/>
    <property name="java.class.path" value="C:\Projects\walmart\ticket-service\target\test-classes;C:\Projects\walmart\ticket-service\target\classes;C:\Users\atp1nxa\.m2\repository\org\spockframework\spock-core\0.7-groovy-2.0\spock-core-0.7-groovy-2.0.jar;C:\Users\atp1nxa\.m2\repository\junit\junit-dep\4.10\junit-dep-4.10.jar;C:\Users\atp1nxa\.m2\repository\org\codehaus\groovy\groovy-all\2.0.5\groovy-all-2.0.5.jar;C:\Users\atp1nxa\.m2\repository\cglib\cglib-nodep\3.1\cglib-nodep-3.1.jar;C:\Users\atp1nxa\.m2\repository\org\objenesis\objenesis\2.1\objenesis-2.1.jar;C:\Users\atp1nxa\.m2\repository\org\hamcrest\hamcrest-core\1.3\hamcrest-core-1.3.jar;C:\Users\atp1nxa\.m2\repository\org\codehaus\groovy\groovy-backports-compat23\2.3.5\groovy-backports-compat23-2.3.5.jar;"/>
    <property name="java.vm.specification.version" value="1.8"/>
    <property name="sun.arch.data.model" value="64"/>
    <property name="java.home" value="C:\Program Files\Java\jdk1.8.0_91\jre"/>
    <property name="sun.java.command" value="C:\Users\atp1nxa\AppData\Local\Temp\surefirebooter563916287516707978.jar C:\Users\atp1nxa\AppData\Local\Temp\surefire4964413237784170977tmp C:\Users\atp1nxa\AppData\Local\Temp\surefire7508218360759200398tmp"/>
    <property name="java.specification.vendor" value="Oracle Corporation"/>
    <property name="user.language" value="en"/>
    <property name="awt.toolkit" value="sun.awt.windows.WToolkit"/>
    <property name="java.vm.info" value="mixed mode"/>
    <property name="java.version" value="1.8.0_91"/>
    <property name="java.ext.dirs" value="C:\Program Files\Java\jdk1.8.0_91\jre\lib\ext;C:\WINDOWS\Sun\Java\lib\ext"/>
    <property name="sun.boot.class.path" value="C:\Program Files\Java\jdk1.8.0_91\jre\lib\resources.jar;C:\Program Files\Java\jdk1.8.0_91\jre\lib\rt.jar;C:\Program Files\Java\jdk1.8.0_91\jre\lib\sunrsasign.jar;C:\Program Files\Java\jdk1.8.0_91\jre\lib\jsse.jar;C:\Program Files\Java\jdk1.8.0_91\jre\lib\jce.jar;C:\Program Files\Java\jdk1.8.0_91\jre\lib\charsets.jar;C:\Program Files\Java\jdk1.8.0_91\jre\lib\jfr.jar;C:\Program Files\Java\jdk1.8.0_91\jre\classes"/>
    <property name="java.vendor" value="Oracle Corporation"/>
    <property name="localRepository" value="C:\Users\atp1nxa\.m2\repository"/>
    <property name="file.separator" value="\"/>
    <property name="java.vendor.url.bug" value="http://bugreport.sun.com/bugreport/"/>
    <property name="sun.cpu.endian" value="little"/>
    <property name="sun.io.unicode.encoding" value="UnicodeLittle"/>
    <property name="sun.desktop" value="windows"/>
    <property name="sun.cpu.isalist" value="amd64"/>
  </properties>
  <testcase classname="com.walmart.service.TicketServiceWalmartImplSpec" name="test that venue is initalized correctly" time="0.178"/>
  <testcase classname="com.walmart.service.TicketServiceWalmartImplSpec" name="Row Num: 0 Seat Num: 0 MiddleSeat Num: 0 Numer Of Seats Per Row: 0 Score: 0" time="0"/>
  <testcase classname="com.walmart.service.TicketServiceWalmartImplSpec" name="Row Num: 10 Seat Num: 1 MiddleSeat Num: 5 Numer Of Seats Per Row: 10 Score: 21" time="0.001"/>
  <testcase classname="com.walmart.service.TicketServiceWalmartImplSpec" name="Row Num: 10 Seat Num: 2 MiddleSeat Num: 5 Numer Of Seats Per Row: 10 Score: 22" time="0.001"/>
  <testcase classname="com.walmart.service.TicketServiceWalmartImplSpec" name="Row Num: 10 Seat Num: 3 MiddleSeat Num: 5 Numer Of Seats Per Row: 10 Score: 23" time="0"/>
  <testcase classname="com.walmart.service.TicketServiceWalmartImplSpec" name="Row Num: 10 Seat Num: 4 MiddleSeat Num: 5 Numer Of Seats Per Row: 10 Score: 24" time="0.001"/>
  <testcase classname="com.walmart.service.TicketServiceWalmartImplSpec" name="Row Num: 10 Seat Num: 5 MiddleSeat Num: 5 Numer Of Seats Per Row: 10 Score: 25" time="0"/>
  <testcase classname="com.walmart.service.TicketServiceWalmartImplSpec" name="Row Num: 10 Seat Num: 6 MiddleSeat Num: 5 Numer Of Seats Per Row: 10 Score: 25" time="0"/>
  <testcase classname="com.walmart.service.TicketServiceWalmartImplSpec" name="Row Num: 10 Seat Num: 7 MiddleSeat Num: 5 Numer Of Seats Per Row: 10 Score: 24" time="0"/>
  <testcase classname="com.walmart.service.TicketServiceWalmartImplSpec" name="Row Num: 10 Seat Num: 8 MiddleSeat Num: 5 Numer Of Seats Per Row: 10 Score: 23" time="0.001"/>
  <testcase classname="com.walmart.service.TicketServiceWalmartImplSpec" name="Row Num: 10 Seat Num: 9 MiddleSeat Num: 5 Numer Of Seats Per Row: 10 Score: 22" time="0"/>
  <testcase classname="com.walmart.service.TicketServiceWalmartImplSpec" name="Row Num: 10 Seat Num: 10 MiddleSeat Num: 5 Numer Of Seats Per Row: 10 Score: 21" time="0"/>
  <testcase classname="com.walmart.service.TicketServiceWalmartImplSpec" name="Row Num: 9 Seat Num: 1 MiddleSeat Num: 5 Numer Of Seats Per Row: 10 Score: 19" time="0"/>
  <testcase classname="com.walmart.service.TicketServiceWalmartImplSpec" name="Row Num: 9 Seat Num: 2 MiddleSeat Num: 5 Numer Of Seats Per Row: 10 Score: 20" time="0"/>
  <testcase classname="com.walmart.service.TicketServiceWalmartImplSpec" name="Row Num: 9 Seat Num: 3 MiddleSeat Num: 5 Numer Of Seats Per Row: 10 Score: 21" time="0"/>
  <testcase classname="com.walmart.service.TicketServiceWalmartImplSpec" name="Row Num: 9 Seat Num: 4 MiddleSeat Num: 5 Numer Of Seats Per Row: 10 Score: 22" time="0.002"/>
  <testcase classname="com.walmart.service.TicketServiceWalmartImplSpec" name="Row Num: 9 Seat Num: 5 MiddleSeat Num: 5 Numer Of Seats Per Row: 10 Score: 23" time="0.001"/>
  <testcase classname="com.walmart.service.TicketServiceWalmartImplSpec" name="Row Num: 9 Seat Num: 6 MiddleSeat Num: 5 Numer Of Seats Per Row: 10 Score: 23" time="0"/>
  <testcase classname="com.walmart.service.TicketServiceWalmartImplSpec" name="Row Num: 9 Seat Num: 7 MiddleSeat Num: 5 Numer Of Seats Per Row: 10 Score: 22" time="0"/>
  <testcase classname="com.walmart.service.TicketServiceWalmartImplSpec" name="Row Num: 9 Seat Num: 8 MiddleSeat Num: 5 Numer Of Seats Per Row: 10 Score: 21" time="0.001"/>
  <testcase classname="com.walmart.service.TicketServiceWalmartImplSpec" name="Row Num: 9 Seat Num: 9 MiddleSeat Num: 5 Numer Of Seats Per Row: 10 Score: 20" time="0.001"/>
  <testcase classname="com.walmart.service.TicketServiceWalmartImplSpec" name="Row Num: 9 Seat Num: 10 MiddleSeat Num: 5 Numer Of Seats Per Row: 10 Score: 19" time="0.001"/>
  <testcase classname="com.walmart.service.TicketServiceWalmartImplSpec" name="Row Num: 8 Seat Num: 1 MiddleSeat Num: 5 Numer Of Seats Per Row: 10 Score: 17" time="0.001"/>
  <testcase classname="com.walmart.service.TicketServiceWalmartImplSpec" name="Row Num: 8 Seat Num: 2 MiddleSeat Num: 5 Numer Of Seats Per Row: 10 Score: 18" time="0"/>
  <testcase classname="com.walmart.service.TicketServiceWalmartImplSpec" name="Row Num: 8 Seat Num: 3 MiddleSeat Num: 5 Numer Of Seats Per Row: 10 Score: 19" time="0.001"/>
  <testcase classname="com.walmart.service.TicketServiceWalmartImplSpec" name="Row Num: 8 Seat Num: 4 MiddleSeat Num: 5 Numer Of Seats Per Row: 10 Score: 20" time="0"/>
  <testcase classname="com.walmart.service.TicketServiceWalmartImplSpec" name="Row Num: 8 Seat Num: 5 MiddleSeat Num: 5 Numer Of Seats Per Row: 10 Score: 21" time="0.001"/>
  <testcase classname="com.walmart.service.TicketServiceWalmartImplSpec" name="Row Num: 8 Seat Num: 6 MiddleSeat Num: 5 Numer Of Seats Per Row: 10 Score: 21" time="0"/>
  <testcase classname="com.walmart.service.TicketServiceWalmartImplSpec" name="Row Num: 8 Seat Num: 7 MiddleSeat Num: 5 Numer Of Seats Per Row: 10 Score: 20" time="0.001"/>
  <testcase classname="com.walmart.service.TicketServiceWalmartImplSpec" name="Row Num: 8 Seat Num: 8 MiddleSeat Num: 5 Numer Of Seats Per Row: 10 Score: 19" time="0"/>
  <testcase classname="com.walmart.service.TicketServiceWalmartImplSpec" name="Row Num: 8 Seat Num: 9 MiddleSeat Num: 5 Numer Of Seats Per Row: 10 Score: 18" time="0"/>
  <testcase classname="com.walmart.service.TicketServiceWalmartImplSpec" name="Row Num: 8 Seat Num: 10 MiddleSeat Num: 5 Numer Of Seats Per Row: 10 Score: 17" time="0"/>
  <testcase classname="com.walmart.service.TicketServiceWalmartImplSpec" name="Row Num: 7 Seat Num: 1 MiddleSeat Num: 5 Numer Of Seats Per Row: 10 Score: 15" time="0"/>
  <testcase classname="com.walmart.service.TicketServiceWalmartImplSpec" name="Row Num: 7 Seat Num: 2 MiddleSeat Num: 5 Numer Of Seats Per Row: 10 Score: 16" time="0"/>
  <testcase classname="com.walmart.service.TicketServiceWalmartImplSpec" name="Row Num: 7 Seat Num: 3 MiddleSeat Num: 5 Numer Of Seats Per Row: 10 Score: 17" time="0.001"/>
  <testcase classname="com.walmart.service.TicketServiceWalmartImplSpec" name="Row Num: 7 Seat Num: 4 MiddleSeat Num: 5 Numer Of Seats Per Row: 10 Score: 18" time="0"/>
  <testcase classname="com.walmart.service.TicketServiceWalmartImplSpec" name="Row Num: 7 Seat Num: 5 MiddleSeat Num: 5 Numer Of Seats Per Row: 10 Score: 19" time="0.001"/>
  <testcase classname="com.walmart.service.TicketServiceWalmartImplSpec" name="Row Num: 7 Seat Num: 6 MiddleSeat Num: 5 Numer Of Seats Per Row: 10 Score: 19" time="0"/>
  <testcase classname="com.walmart.service.TicketServiceWalmartImplSpec" name="Row Num: 7 Seat Num: 7 MiddleSeat Num: 5 Numer Of Seats Per Row: 10 Score: 18" time="0"/>
  <testcase classname="com.walmart.service.TicketServiceWalmartImplSpec" name="Row Num: 7 Seat Num: 8 MiddleSeat Num: 5 Numer Of Seats Per Row: 10 Score: 17" time="0"/>
  <testcase classname="com.walmart.service.TicketServiceWalmartImplSpec" name="Row Num: 7 Seat Num: 9 MiddleSeat Num: 5 Numer Of Seats Per Row: 10 Score: 16" time="0.001"/>
  <testcase classname="com.walmart.service.TicketServiceWalmartImplSpec" name="Row Num: 7 Seat Num: 10 MiddleSeat Num: 5 Numer Of Seats Per Row: 10 Score: 15" time="0.001"/>
  <testcase classname="com.walmart.service.TicketServiceWalmartImplSpec" name="Row Num: 6 Seat Num: 1 MiddleSeat Num: 5 Numer Of Seats Per Row: 10 Score: 13" time="0"/>
  <testcase classname="com.walmart.service.TicketServiceWalmartImplSpec" name="Row Num: 6 Seat Num: 2 MiddleSeat Num: 5 Numer Of Seats Per Row: 10 Score: 14" time="0"/>
  <testcase classname="com.walmart.service.TicketServiceWalmartImplSpec" name="Row Num: 6 Seat Num: 3 MiddleSeat Num: 5 Numer Of Seats Per Row: 10 Score: 15" time="0.001"/>
  <testcase classname="com.walmart.service.TicketServiceWalmartImplSpec" name="Row Num: 6 Seat Num: 4 MiddleSeat Num: 5 Numer Of Seats Per Row: 10 Score: 16" time="0.001"/>
  <testcase classname="com.walmart.service.TicketServiceWalmartImplSpec" name="Row Num: 6 Seat Num: 5 MiddleSeat Num: 5 Numer Of Seats Per Row: 10 Score: 17" time="0"/>
  <testcase classname="com.walmart.service.TicketServiceWalmartImplSpec" name="Row Num: 6 Seat Num: 6 MiddleSeat Num: 5 Numer Of Seats Per Row: 10 Score: 17" time="0.001"/>
  <testcase classname="com.walmart.service.TicketServiceWalmartImplSpec" name="Row Num: 6 Seat Num: 7 MiddleSeat Num: 5 Numer Of Seats Per Row: 10 Score: 16" time="0.001"/>
  <testcase classname="com.walmart.service.TicketServiceWalmartImplSpec" name="Row Num: 6 Seat Num: 8 MiddleSeat Num: 5 Numer Of Seats Per Row: 10 Score: 15" time="0.001"/>
  <testcase classname="com.walmart.service.TicketServiceWalmartImplSpec" name="Row Num: 6 Seat Num: 9 MiddleSeat Num: 5 Numer Of Seats Per Row: 10 Score: 14" time="0"/>
  <testcase classname="com.walmart.service.TicketServiceWalmartImplSpec" name="Row Num: 6 Seat Num: 10 MiddleSeat Num: 5 Numer Of Seats Per Row: 10 Score: 13" time="0.001"/>
  <testcase classname="com.walmart.service.TicketServiceWalmartImplSpec" name="Row Num: 5 Seat Num: 1 MiddleSeat Num: 5 Numer Of Seats Per Row: 10 Score: 11" time="0.001"/>
  <testcase classname="com.walmart.service.TicketServiceWalmartImplSpec" name="Row Num: 5 Seat Num: 2 MiddleSeat Num: 5 Numer Of Seats Per Row: 10 Score: 12" time="0"/>
  <testcase classname="com.walmart.service.TicketServiceWalmartImplSpec" name="Row Num: 5 Seat Num: 3 MiddleSeat Num: 5 Numer Of Seats Per Row: 10 Score: 13" time="0"/>
  <testcase classname="com.walmart.service.TicketServiceWalmartImplSpec" name="Row Num: 5 Seat Num: 4 MiddleSeat Num: 5 Numer Of Seats Per Row: 10 Score: 14" time="0.001"/>
  <testcase classname="com.walmart.service.TicketServiceWalmartImplSpec" name="Row Num: 5 Seat Num: 5 MiddleSeat Num: 5 Numer Of Seats Per Row: 10 Score: 15" time="0"/>
  <testcase classname="com.walmart.service.TicketServiceWalmartImplSpec" name="Row Num: 5 Seat Num: 6 MiddleSeat Num: 5 Numer Of Seats Per Row: 10 Score: 15" time="0"/>
  <testcase classname="com.walmart.service.TicketServiceWalmartImplSpec" name="Row Num: 5 Seat Num: 7 MiddleSeat Num: 5 Numer Of Seats Per Row: 10 Score: 14" time="0.001"/>
  <testcase classname="com.walmart.service.TicketServiceWalmartImplSpec" name="Row Num: 5 Seat Num: 8 MiddleSeat Num: 5 Numer Of Seats Per Row: 10 Score: 13" time="0.001"/>
  <testcase classname="com.walmart.service.TicketServiceWalmartImplSpec" name="Row Num: 5 Seat Num: 9 MiddleSeat Num: 5 Numer Of Seats Per Row: 10 Score: 12" time="0"/>
  <testcase classname="com.walmart.service.TicketServiceWalmartImplSpec" name="Row Num: 5 Seat Num: 10 MiddleSeat Num: 5 Numer Of Seats Per Row: 10 Score: 11" time="0"/>
  <testcase classname="com.walmart.service.TicketServiceWalmartImplSpec" name="Row Num: 4 Seat Num: 1 MiddleSeat Num: 5 Numer Of Seats Per Row: 10 Score: 9" time="0"/>
  <testcase classname="com.walmart.service.TicketServiceWalmartImplSpec" name="Row Num: 4 Seat Num: 2 MiddleSeat Num: 5 Numer Of Seats Per Row: 10 Score: 10" time="0.001"/>
  <testcase classname="com.walmart.service.TicketServiceWalmartImplSpec" name="Row Num: 4 Seat Num: 3 MiddleSeat Num: 5 Numer Of Seats Per Row: 10 Score: 11" time="0"/>
  <testcase classname="com.walmart.service.TicketServiceWalmartImplSpec" name="Row Num: 4 Seat Num: 4 MiddleSeat Num: 5 Numer Of Seats Per Row: 10 Score: 12" time="0"/>
  <testcase classname="com.walmart.service.TicketServiceWalmartImplSpec" name="Row Num: 4 Seat Num: 5 MiddleSeat Num: 5 Numer Of Seats Per Row: 10 Score: 13" time="0.001"/>
  <testcase classname="com.walmart.service.TicketServiceWalmartImplSpec" name="Row Num: 4 Seat Num: 6 MiddleSeat Num: 5 Numer Of Seats Per Row: 10 Score: 13" time="0.001"/>
  <testcase classname="com.walmart.service.TicketServiceWalmartImplSpec" name="Row Num: 4 Seat Num: 7 MiddleSeat Num: 5 Numer Of Seats Per Row: 10 Score: 12" time="0"/>
  <testcase classname="com.walmart.service.TicketServiceWalmartImplSpec" name="Row Num: 4 Seat Num: 8 MiddleSeat Num: 5 Numer Of Seats Per Row: 10 Score: 11" time="0.001"/>
  <testcase classname="com.walmart.service.TicketServiceWalmartImplSpec" name="Row Num: 4 Seat Num: 9 MiddleSeat Num: 5 Numer Of Seats Per Row: 10 Score: 10" time="0"/>
  <testcase classname="com.walmart.service.TicketServiceWalmartImplSpec" name="Row Num: 4 Seat Num: 10 MiddleSeat Num: 5 Numer Of Seats Per Row: 10 Score: 9" time="0.001"/>
  <testcase classname="com.walmart.service.TicketServiceWalmartImplSpec" name="Row Num: 3 Seat Num: 1 MiddleSeat Num: 5 Numer Of Seats Per Row: 10 Score: 7" time="0.001"/>
  <testcase classname="com.walmart.service.TicketServiceWalmartImplSpec" name="Row Num: 3 Seat Num: 2 MiddleSeat Num: 5 Numer Of Seats Per Row: 10 Score: 8" time="0"/>
  <testcase classname="com.walmart.service.TicketServiceWalmartImplSpec" name="Row Num: 3 Seat Num: 3 MiddleSeat Num: 5 Numer Of Seats Per Row: 10 Score: 9" time="0.001"/>
  <testcase classname="com.walmart.service.TicketServiceWalmartImplSpec" name="Row Num: 3 Seat Num: 4 MiddleSeat Num: 5 Numer Of Seats Per Row: 10 Score: 10" time="0"/>
  <testcase classname="com.walmart.service.TicketServiceWalmartImplSpec" name="Row Num: 3 Seat Num: 5 MiddleSeat Num: 5 Numer Of Seats Per Row: 10 Score: 11" time="0.001"/>
  <testcase classname="com.walmart.service.TicketServiceWalmartImplSpec" name="Row Num: 3 Seat Num: 6 MiddleSeat Num: 5 Numer Of Seats Per Row: 10 Score: 11" time="0"/>
  <testcase classname="com.walmart.service.TicketServiceWalmartImplSpec" name="Row Num: 3 Seat Num: 7 MiddleSeat Num: 5 Numer Of Seats Per Row: 10 Score: 10" time="0"/>
  <testcase classname="com.walmart.service.TicketServiceWalmartImplSpec" name="Row Num: 3 Seat Num: 8 MiddleSeat Num: 5 Numer Of Seats Per Row: 10 Score: 9" time="0"/>
  <testcase classname="com.walmart.service.TicketServiceWalmartImplSpec" name="Row Num: 3 Seat Num: 9 MiddleSeat Num: 5 Numer Of Seats Per Row: 10 Score: 8" time="0.001"/>
  <testcase classname="com.walmart.service.TicketServiceWalmartImplSpec" name="Row Num: 3 Seat Num: 10 MiddleSeat Num: 5 Numer Of Seats Per Row: 10 Score: 7" time="0"/>
  <testcase classname="com.walmart.service.TicketServiceWalmartImplSpec" name="Row Num: 2 Seat Num: 1 MiddleSeat Num: 5 Numer Of Seats Per Row: 10 Score: 5" time="0"/>
  <testcase classname="com.walmart.service.TicketServiceWalmartImplSpec" name="Row Num: 2 Seat Num: 2 MiddleSeat Num: 5 Numer Of Seats Per Row: 10 Score: 6" time="0.001"/>
  <testcase classname="com.walmart.service.TicketServiceWalmartImplSpec" name="Row Num: 2 Seat Num: 3 MiddleSeat Num: 5 Numer Of Seats Per Row: 10 Score: 7" time="0"/>
  <testcase classname="com.walmart.service.TicketServiceWalmartImplSpec" name="Row Num: 2 Seat Num: 4 MiddleSeat Num: 5 Numer Of Seats Per Row: 10 Score: 8" time="0.001"/>
  <testcase classname="com.walmart.service.TicketServiceWalmartImplSpec" name="Row Num: 2 Seat Num: 5 MiddleSeat Num: 5 Numer Of Seats Per Row: 10 Score: 9" time="0"/>
  <testcase classname="com.walmart.service.TicketServiceWalmartImplSpec" name="Row Num: 2 Seat Num: 6 MiddleSeat Num: 5 Numer Of Seats Per Row: 10 Score: 9" time="0.001"/>
  <testcase classname="com.walmart.service.TicketServiceWalmartImplSpec" name="Row Num: 2 Seat Num: 7 MiddleSeat Num: 5 Numer Of Seats Per Row: 10 Score: 8" time="0"/>
  <testcase classname="com.walmart.service.TicketServiceWalmartImplSpec" name="Row Num: 2 Seat Num: 8 MiddleSeat Num: 5 Numer Of Seats Per Row: 10 Score: 7" time="0.001"/>
  <testcase classname="com.walmart.service.TicketServiceWalmartImplSpec" name="Row Num: 2 Seat Num: 9 MiddleSeat Num: 5 Numer Of Seats Per Row: 10 Score: 6" time="0.001"/>
  <testcase classname="com.walmart.service.TicketServiceWalmartImplSpec" name="Row Num: 2 Seat Num: 10 MiddleSeat Num: 5 Numer Of Seats Per Row: 10 Score: 5" time="0"/>
  <testcase classname="com.walmart.service.TicketServiceWalmartImplSpec" name="Row Num: 1 Seat Num: 1 MiddleSeat Num: 5 Numer Of Seats Per Row: 10 Score: 3" time="0.001"/>
  <testcase classname="com.walmart.service.TicketServiceWalmartImplSpec" name="Row Num: 1 Seat Num: 2 MiddleSeat Num: 5 Numer Of Seats Per Row: 10 Score: 4" time="0.001"/>
  <testcase classname="com.walmart.service.TicketServiceWalmartImplSpec" name="Row Num: 1 Seat Num: 3 MiddleSeat Num: 5 Numer Of Seats Per Row: 10 Score: 5" time="0"/>
  <testcase classname="com.walmart.service.TicketServiceWalmartImplSpec" name="Row Num: 1 Seat Num: 4 MiddleSeat Num: 5 Numer Of Seats Per Row: 10 Score: 6" time="0"/>
  <testcase classname="com.walmart.service.TicketServiceWalmartImplSpec" name="Row Num: 1 Seat Num: 5 MiddleSeat Num: 5 Numer Of Seats Per Row: 10 Score: 7" time="0"/>
  <testcase classname="com.walmart.service.TicketServiceWalmartImplSpec" name="Row Num: 1 Seat Num: 6 MiddleSeat Num: 5 Numer Of Seats Per Row: 10 Score: 7" time="0"/>
  <testcase classname="com.walmart.service.TicketServiceWalmartImplSpec" name="Row Num: 1 Seat Num: 7 MiddleSeat Num: 5 Numer Of Seats Per Row: 10 Score: 6" time="0"/>
  <testcase classname="com.walmart.service.TicketServiceWalmartImplSpec" name="Row Num: 1 Seat Num: 8 MiddleSeat Num: 5 Numer Of Seats Per Row: 10 Score: 5" time="0"/>
  <testcase classname="com.walmart.service.TicketServiceWalmartImplSpec" name="Row Num: 1 Seat Num: 9 MiddleSeat Num: 5 Numer Of Seats Per Row: 10 Score: 4" time="0.001"/>
  <testcase classname="com.walmart.service.TicketServiceWalmartImplSpec" name="Row Num: 1 Seat Num: 10 MiddleSeat Num: 5 Numer Of Seats Per Row: 10 Score: 3" time="0"/>
  <testcase classname="com.walmart.service.TicketServiceWalmartImplSpec" name="test numSeatsAvailable method with no all seats been available" time="0.001"/>
  <testcase classname="com.walmart.service.TicketServiceWalmartImplSpec" name="test numSeatsAvailable method with 10 seats on pending status and no booked" time="0.019"/>
  <testcase classname="com.walmart.service.TicketServiceWalmartImplSpec" name="test numSeatsAvailable method with 10 seats booked" time="0.101"/>
  <testcase classname="com.walmart.service.TicketServiceWalmartImplSpec" name="test numSeatsAvailable method with 10 seats on pending status and 10 seats booked" time="0.003"/>
  <testcase classname="com.walmart.service.TicketServiceWalmartImplSpec" name="test numSeatsAvailable method with 10 seats on pending status and 10 seats expired" time="3.509"/>
  <testcase classname="com.walmart.service.TicketServiceWalmartImplSpec" name="test findAndHoldSeats where request number is &gt; than venue holdLimit" time="0.004"/>
  <testcase classname="com.walmart.service.TicketServiceWalmartImplSpec" name="test findAndHoldSeats where request can be handled" time="0.024"/>
  <testcase classname="com.walmart.service.TicketServiceWalmartImplSpec" name="test findAndHoldSeats where request cannot be handled" time="0.011"/>
  <testcase classname="com.walmart.service.TicketServiceWalmartImplSpec" name="test reserveSeats with invalid Id" time="0"/>
  <testcase classname="com.walmart.service.TicketServiceWalmartImplSpec" name="test reserveSeats with invalid email" time="0.001"/>
  <testcase classname="com.walmart.service.TicketServiceWalmartImplSpec" name="test reserveSeats with all reservation has timed out" time="3.503"/>
  <testcase classname="com.walmart.service.TicketServiceWalmartImplSpec" name="test reserveSeats with resrvation been successfull" time="0.002"/>
  <testcase classname="com.walmart.service.TicketServiceWalmartImplSpec" name="test reserveSeats with some resrvation been successfull and some has timed out" time="3.51"/>
</testsuite>